<?xml version="1.0" encoding="UTF-8"?>
<!-- Generated by org.testng.reporters.JUnitReportReporter -->
<testsuite hostname="ad-PC" name="CentralHub.Minisite.Functional_Slug" tests="2" failures="0" timestamp="29 Dec 2015 09:17:21 GMT" time="86.656" errors="0">
  <testcase name="Slug" time="86.361" classname="CentralHub.Minisite.Functional_Slug"/>
  <testcase name="templatefunctional" time="0.295" classname="CentralHub.Minisite.Functional_Slug"/>
</testsuite> <!-- CentralHub.Minisite.Functional_Slug -->
