<?xml version="1.0" encoding="UTF-8"?>
<!-- Generated by org.testng.reporters.JUnitReportReporter -->
<testsuite hostname="ad-PC" name="CentralHub.Minisite.Integration" tests="1" failures="0" timestamp="4 Jan 2016 05:50:29 GMT" time="199.152" errors="0">
  <testcase name="slug" time="199.152" classname="CentralHub.Minisite.Integration"/>
</testsuite> <!-- CentralHub.Minisite.Integration -->
