<?xml version="1.0" encoding="UTF-8"?>
<!-- Generated by org.testng.reporters.JUnitReportReporter -->
<testsuite hostname="ad-PC" name="CentralHub.Minisite.Functional" tests="1" failures="0" timestamp="4 Jan 2016 06:10:47 GMT" time="467.847" errors="0">
  <testcase name="Slug" time="467.847" classname="CentralHub.Minisite.Functional"/>
</testsuite> <!-- CentralHub.Minisite.Functional -->
